<?xml version="1.0" encoding="UTF-8"?>
<!-- Generated by org.testng.reporters.JUnitReportReporter -->
<testsuite skipped="0" hostname="QuynhDuongThu" name="com.bankguru.Add_New_Customer" tests="1" failures="0" timestamp="19 Jan 2021 02:18:41 GMT" time="5.601" errors="0">
  <testcase name="Add_New_Customer_01_Successfully" time="5.601" classname="com.bankguru.Add_New_Customer"/>
</testsuite> <!-- com.bankguru.Add_New_Customer -->
