<?xml version="1.0" encoding="UTF-8"?>
<!-- Generated by org.testng.reporters.JUnitReportReporter -->
<testsuite skipped="0" hostname="QuynhDuongThu" name="com.bankguru.payment.Payment_01_Fund_Tranfer" tests="1" failures="0" timestamp="12 Jan 2021 02:30:39 GMT" time="0.002" errors="0">
  <testcase name="New_Customer_05_Validate_Address" time="0.002" classname="com.bankguru.payment.Payment_01_Fund_Tranfer"/>
</testsuite> <!-- com.bankguru.payment.Payment_01_Fund_Tranfer -->
