<?xml version="1.0" encoding="UTF-8"?>
<!-- Generated by org.testng.reporters.JUnitReportReporter -->
<testsuite skipped="0" hostname="QuynhDuongThu" name="com.bankguru.users.User_01_New_Customer" tests="5" failures="0" timestamp="12 Jan 2021 02:30:39 GMT" time="0.006" errors="0">
  <testcase name="New_Customer_04_Validate_State" time="0.001" classname="com.bankguru.users.User_01_New_Customer"/>
  <testcase name="New_Customer_01_Validate_Name" time="0.001" classname="com.bankguru.users.User_01_New_Customer"/>
  <testcase name="New_Customer_03_Validate_City" time="0.002" classname="com.bankguru.users.User_01_New_Customer"/>
  <testcase name="New_Customer_02_Validate_Phone" time="0.001" classname="com.bankguru.users.User_01_New_Customer"/>
  <testcase name="New_Customer_05_Validate_Address" time="0.001" classname="com.bankguru.users.User_01_New_Customer"/>
</testsuite> <!-- com.bankguru.users.User_01_New_Customer -->
