<?xml version="1.0" encoding="UTF-8"?>
<!-- Generated by org.testng.reporters.JUnitReportReporter -->
<testsuite skipped="0" hostname="QuynhDuongThu" name="com.bankguru.Add_New_Customer" tests="1" failures="0" timestamp="25 Jan 2021 08:37:24 GMT" time="9.352" errors="0">
  <testcase name="Add_New_Customer_01_Successfully" time="9.352" classname="com.bankguru.Add_New_Customer"/>
</testsuite> <!-- com.bankguru.Add_New_Customer -->
