<?xml version="1.0" encoding="UTF-8"?>
<!-- Generated by org.testng.reporters.JUnitReportReporter -->
<testsuite skipped="0" hostname="QuynhDuongThu" name="com.bankguru.newcustomer.New_Customer" tests="1" failures="0" timestamp="14 Jan 2021 09:16:12 GMT" time="5.210" errors="0">
  <testcase name="TC_01_Name_Can_Not_Be_Empty" time="5.210" classname="com.bankguru.newcustomer.New_Customer"/>
</testsuite> <!-- com.bankguru.newcustomer.New_Customer -->
