<?xml version="1.0" encoding="UTF-8"?>
<!-- Generated by org.testng.reporters.JUnitReportReporter -->
<testsuite skipped="0" hostname="QuynhDuongThu" name="com.bankguru.login.Login_01_Register_And_Login_Repeat_Yourself" tests="2" failures="0" timestamp="14 Jan 2021 03:47:22 GMT" time="9.669" errors="0">
  <testcase name="Login_02_Login_To_System" time="4.815" classname="com.bankguru.login.Login_01_Register_And_Login_Repeat_Yourself"/>
  <testcase name="Login_01_Register_To_System" time="4.854" classname="com.bankguru.login.Login_01_Register_And_Login_Repeat_Yourself"/>
</testsuite> <!-- com.bankguru.login.Login_01_Register_And_Login_Repeat_Yourself -->
