<?xml version="1.0" encoding="UTF-8"?>
<!-- Generated by org.testng.reporters.JUnitReportReporter -->
<testsuite skipped="0" hostname="QuynhDuongThu" name="com.bankguru.Edit_Customer" tests="7" failures="0" timestamp="19 Jan 2021 08:35:41 GMT" time="25.382" errors="0">
  <testcase name="Edit_Customer_15_Email_Can_Not_Be_Empty" time="1.030" classname="com.bankguru.Edit_Customer"/>
  <testcase name="Edit_Customer_04_Valid_CustomerID" time="16.293" classname="com.bankguru.Edit_Customer"/>
  <testcase name="Edit_Customer_13_Telephone_Can_Not_Be_Empty" time="4.714" classname="com.bankguru.Edit_Customer"/>
  <testcase name="Edit_Customer_16_Email_Invalid" time="0.788" classname="com.bankguru.Edit_Customer"/>
  <testcase name="Edit_Customer_14_Telephone_Can_Not_Have_Special_Character" time="1.337" classname="com.bankguru.Edit_Customer"/>
  <testcase name="Edit_Customer_19_Email_Invalid" time="0.632" classname="com.bankguru.Edit_Customer"/>
  <testcase name="Edit_Customer_18_Email_Invalid" time="0.588" classname="com.bankguru.Edit_Customer"/>
</testsuite> <!-- com.bankguru.Edit_Customer -->
